C:\Hochschule\Projektarbeit\Unity\GitHubArMidiController\ArMidiController\Assets\Plugins\Demigiant\DOTween\Modules\DOTweenModuleAudio.cs
DOFade 4
DOFade 0
DOPitch 5
DOPitch 0
DOSetFloat 5
DOSetFloat 0
DOComplete 6
DOComplete 0
DOKill 6
DOKill 0
DOFlip 5
DOFlip 0
DOGoto 4
DOGoto 0
DOPause 4
DOPause 0
DOPlay 4
DOPlay 0
DOPlayBackwards 4
DOPlayBackwards 0
DOPlayForward 5
DOPlayForward 0
DORestart 5
DORestart 0
DORewind 5
DORewind 0
DOSmoothRewind 5
DOSmoothRewind 0
DOTogglePause 4
DOTogglePause 0

C:\Hochschule\Projektarbeit\Unity\GitHubArMidiController\ArMidiController\Assets\Plugins\Demigiant\DOTween\Modules\DOTweenModulePhysics.cs
DOMove 4
DOMove 0
DOMoveX 5
DOMoveX 0
DOMoveY 5
DOMoveY 0
DOMoveZ 5
DOMoveZ 0
DORotate 6
DORotate 0
DOLookAt 5
DOLookAt 0
DOJump 5
DOJump 0
DOPath 6
DOPath 0
DOLocalPath 5
DOLocalPath 0
DOPath 5
DOPath 0
DOLocalPath 5
DOLocalPath 0

C:\Hochschule\Projektarbeit\Unity\GitHubArMidiController\ArMidiController\Assets\Plugins\Demigiant\DOTween\Modules\DOTweenModulePhysics2D.cs
DOMove 5
DOMove 0
DOMoveX 5
DOMoveX 0
DOMoveY 4
DOMoveY 0
DORotate 5
DORotate 0
DOJump 5
DOJump 0
DOPath 4
DOPath 0
DOLocalPath 47
DOLocalPath 0

C:\Hochschule\Projektarbeit\Unity\GitHubArMidiController\ArMidiController\Assets\Plugins\Demigiant\DOTween\Modules\DOTweenModuleSprite.cs
DOColor 5
DOColor 0
DOFade 4
DOFade 0
DOGradientColor 4
DOGradientColor 0
DOBlendableColor 4
DOBlendableColor 0

C:\Hochschule\Projektarbeit\Unity\GitHubArMidiController\ArMidiController\Assets\Plugins\Demigiant\DOTween\Modules\DOTweenModuleUI.cs
DOFade 4
DOFade 0
DOColor 4
DOColor 0
DOFade 5
DOFade 0
DOColor 5
DOColor 0
DOFade 4
DOFade 0
DOFillAmount 6
DOFillAmount 0
DOGradientColor 5
DOGradientColor 0
DOFlexibleSize 5
DOFlexibleSize 0
DOMinSize 6
DOMinSize 0
DOPreferredSize 5
DOPreferredSize 0
DOColor 4
DOColor 0
DOFade 4
DOFade 0
DOScale 4
DOScale 0
DOAnchorPos 4
DOAnchorPos 0
DOAnchorPosX 4
DOAnchorPosX 0
DOAnchorPosY 4
DOAnchorPosY 0
DOAnchorPos3D 4
DOAnchorPos3D 0
DOAnchorPos3DX 4
DOAnchorPos3DX 0
DOAnchorPos3DY 5
DOAnchorPos3DY 0
DOAnchorPos3DZ 4
DOAnchorPos3DZ 0
DOAnchorMax 4
DOAnchorMax 0
DOAnchorMin 4
DOAnchorMin 0
DOPivot 4
DOPivot 0
DOPivotX 4
DOPivotX 0
DOPivotY 5
DOPivotY 0
DOSizeDelta 5
DOSizeDelta 0
DOPunchAnchorPos 5
DOPunchAnchorPos 0
DOShakeAnchorPos 5
DOShakeAnchorPos 0
DOShakeAnchorPos 5
DOShakeAnchorPos 0
DOJumpAnchorPos 5
DOJumpAnchorPos 0
DONormalizedPos 4
DONormalizedPos 0
DOHorizontalNormalizedPos 5
DOHorizontalNormalizedPos 0
DOVerticalNormalizedPos 5
DOVerticalNormalizedPos 0
DOValue 5
DOValue 0
DOColor 4
DOColor 0
DOCounter 5
DOCounter 0
DOFade 5
DOFade 0
DOText 5
DOText 0
DOBlendableColor 5
DOBlendableColor 0
DOBlendableColor 5
DOBlendableColor 0
DOBlendableColor 5
DOBlendableColor 0
SwitchToRectTransform 7
SwitchToRectTransform 15

C:\Hochschule\Projektarbeit\Unity\GitHubArMidiController\ArMidiController\Assets\Plugins\Demigiant\DOTween\Modules\DOTweenModuleUnityVersion.cs
DOGradientColor 5
DOGradientColor 0
DOGradientColor 5
DOGradientColor 0
WaitForCompletion 6
WaitForCompletion 0
WaitForRewind 7
WaitForRewind 0
WaitForKill 7
WaitForKill 0
WaitForElapsedLoops 6
WaitForElapsedLoops 0
WaitForPosition 6
WaitForPosition 0
WaitForStart 6
WaitForStart 0
DOOffset 8
DOOffset 0
DOTiling 9
DOTiling 0
AsyncWaitForCompletion 5
AsyncWaitForCompletion 0
AsyncWaitForRewind 5
AsyncWaitForRewind 0
AsyncWaitForKill 5
AsyncWaitForKill 0
AsyncWaitForElapsedLoops 5
AsyncWaitForElapsedLoops 0
AsyncWaitForPosition 5
AsyncWaitForPosition 0
AsyncWaitForStart 5
AsyncWaitForStart 0

C:\Hochschule\Projektarbeit\Unity\GitHubArMidiController\ArMidiController\Assets\Plugins\Demigiant\DOTween\Modules\DOTweenModuleUtils.cs
Init 6
Init 0
Preserver 5
Preserver 0
PlaymodeStateChanged 5
PlaymodeStateChanged 15
SetOrientationOnPath 6
SetOrientationOnPath 0
HasRigidbody2D 5
HasRigidbody2D 0
HasRigidbody 5
HasRigidbody 0
CreateDOTweenPathTween 6
CreateDOTweenPathTween 0

